2024-12-13 22:17:32,139 - INFO - lambda payload: {'c_code': 'US'}
2024-12-13 22:17:32,139 - INFO - Starting Ticketmaster API Call
2024-12-13 22:17:32,139 - INFO - Scraping NFL data...
2024-12-13 22:17:32,384 - INFO - Data saved to csvs\nfl_power_rankings.csv
2024-12-13 22:17:32,384 - INFO - Scraping NBA data...
2024-12-13 22:17:32,609 - INFO - Data saved to csvs\nba_power_rankings.csv
2024-12-13 22:17:32,609 - INFO - Scraping NHL data...
2024-12-13 22:17:33,059 - INFO - Data saved to csvs\nhl_power_rankings.csv
2024-12-13 22:17:33,059 - INFO - Scraping Artist100 data...
2024-12-13 22:17:33,306 - INFO - Data saved to csvs\artist_100_rankings.csv
2024-12-13 22:18:03,934 - INFO - 4000 unique event ids generated
2024-12-13 22:26:59,122 - INFO - Database connection establishing....
2024-12-13 22:26:59,494 - INFO - Database connection established.
2024-12-13 22:27:00,691 - INFO - 3946 venues inserted (3937 duplicates skipped).
2024-12-13 22:27:00,691 - INFO - Venues Table size increased from 1225 entries to 1234 entries
2024-12-13 22:27:02,234 - INFO - 5931 attractions inserted (5920 duplicates skipped).
2024-12-13 22:27:02,235 - INFO - Attractions Table size increased from 2972 entries to 2983 entries
2024-12-13 22:27:03,638 - INFO - 4000 events inserted (3891 duplicates skipped).
2024-12-13 22:27:03,639 - INFO - Events Table size increased from 12798 entries to 12907 entries
2024-12-13 22:27:04,876 - INFO - 4000 attraction instances inserted (0 duplicates skipped).
2024-12-13 22:27:04,876 - INFO - Attraction Instances Table size increased from 101537 entries to 105537 entries
2024-12-13 22:27:06,204 - INFO - 4000 prices inserted (0 duplicates skipped).
2024-12-13 22:27:06,204 - INFO - Prices Table size increased from 101537 entries to 105537 entries
2024-12-13 22:27:06,205 - INFO - Database connection closed.
2024-12-13 22:27:06,212 - INFO - Finished Ticketmaster API Call, Starting Selenium Price Scrape
2024-12-13 22:27:07,217 - INFO - Database connection establishing....
2024-12-13 22:27:07,507 - INFO - Database connection established.
2024-12-13 22:27:08,555 - INFO - Inserted records
2024-12-13 22:27:08,757 - INFO - Database connection closed.
2024-12-13 22:27:08,759 - INFO - Empty DataFrame
Columns: [timestamp, url, Stan_Min, Stan_Max, Resl_Min, Resl_Max]
Index: []
2024-12-13 22:27:08,763 - INFO - Elapsed Minutes: 0.0
2024-12-13 22:27:10,858 - INFO - Database connection establishing....
2024-12-13 22:27:11,163 - INFO - Database connection established.
2024-12-13 22:27:11,165 - INFO - Updated 0 elements of price data successfully
2024-12-13 22:27:12,056 - INFO - Inserted records
2024-12-13 22:27:12,061 - INFO - Database connection closed.
2024-12-13 22:27:12,062 - INFO - Finished Selenium Price Scrape
2024-12-13 22:29:54,607 - INFO - lambda payload: {'c_code': 'US'}
2024-12-13 22:29:54,608 - INFO - Starting Ticketmaster API Call
2024-12-13 22:29:54,608 - INFO - Finished Ticketmaster API Call, Starting Selenium Price Scrape
2024-12-13 22:29:55,607 - INFO - Database connection establishing....
2024-12-13 22:29:55,894 - INFO - Database connection established.
2024-12-13 22:29:56,074 - INFO - Database connection closed.
2024-12-13 22:30:03,259 - INFO - Page Blocked
2024-12-13 22:30:07,982 - INFO - Page Blocked
2024-12-13 22:30:28,450 - INFO - Page Blocked
2024-12-13 22:30:32,142 - INFO - Page Blocked
2024-12-13 22:30:46,117 - INFO - Page Blocked
2025-01-03 16:44:38,638 - INFO - lambda payload: {'c_code': 'US'}
2025-01-03 16:44:38,639 - INFO - Starting Ticketmaster API Call
2025-01-03 16:44:38,639 - INFO - Scraping NFL data...
2025-01-03 16:44:39,060 - INFO - Data saved to csvs\nfl_power_rankings.csv
2025-01-03 16:44:39,060 - INFO - Scraping NBA data...
2025-01-03 16:44:39,397 - INFO - Data saved to csvs\nba_power_rankings.csv
2025-01-03 16:44:39,397 - INFO - Scraping NHL data...
2025-01-03 16:44:39,762 - INFO - Data saved to csvs\nhl_power_rankings.csv
2025-01-03 16:44:39,762 - INFO - Scraping Artist100 data...
2025-01-03 16:44:40,663 - INFO - Data saved to csvs\artist_100_rankings.csv
2025-01-03 16:44:41,696 - INFO - 4 unique event ids generated
2025-01-03 16:44:42,396 - INFO - Database connection establishing....
2025-01-03 16:44:42,911 - INFO - Database connection established.
2025-01-03 16:44:43,046 - INFO - 4 venues inserted (4 duplicates skipped).
2025-01-03 16:44:43,046 - INFO - Venues Table size increased from 1234 entries to 1234 entries
2025-01-03 16:44:43,169 - INFO - 8 attractions inserted (8 duplicates skipped).
2025-01-03 16:44:43,169 - INFO - Attractions Table size increased from 2983 entries to 2983 entries
2025-01-03 16:44:43,356 - INFO - 4 events inserted (3 duplicates skipped).
2025-01-03 16:44:43,356 - INFO - Events Table size increased from 12907 entries to 12908 entries
2025-01-03 16:44:43,543 - INFO - 4 attraction instances inserted (0 duplicates skipped).
2025-01-03 16:44:43,543 - INFO - Attraction Instances Table size increased from 105537 entries to 105541 entries
2025-01-03 16:44:43,765 - INFO - 4 prices inserted (0 duplicates skipped).
2025-01-03 16:44:43,765 - INFO - Prices Table size increased from 105537 entries to 105541 entries
2025-01-03 16:44:43,766 - INFO - Database connection closed.
2025-01-03 16:44:43,766 - INFO - Finished Ticketmaster API Call, Starting Selenium Price Scrape
2025-01-03 16:47:55,346 - INFO - lambda payload: {'c_code': 'US'}
2025-01-03 16:47:55,346 - INFO - Starting Ticketmaster API Call
2025-01-03 16:47:55,346 - INFO - Scraping NFL data...
2025-01-03 16:47:55,804 - INFO - Data saved to csvs\nfl_power_rankings.csv
2025-01-03 16:47:55,804 - INFO - Scraping NBA data...
2025-01-03 16:47:56,103 - INFO - Data saved to csvs\nba_power_rankings.csv
2025-01-03 16:47:56,103 - INFO - Scraping NHL data...
2025-01-03 16:47:56,416 - INFO - Data saved to csvs\nhl_power_rankings.csv
2025-01-03 16:47:56,416 - INFO - Scraping Artist100 data...
2025-01-03 16:47:56,768 - INFO - Data saved to csvs\artist_100_rankings.csv
2025-01-03 16:47:57,842 - INFO - 4 unique event ids generated
2025-01-03 16:47:58,476 - INFO - Database connection establishing....
2025-01-03 16:47:59,005 - INFO - Database connection established.
2025-01-03 16:47:59,127 - INFO - 4 venues inserted (4 duplicates skipped).
2025-01-03 16:47:59,127 - INFO - Venues Table size increased from 1234 entries to 1234 entries
2025-01-03 16:47:59,245 - INFO - 8 attractions inserted (8 duplicates skipped).
2025-01-03 16:47:59,245 - INFO - Attractions Table size increased from 2983 entries to 2983 entries
2025-01-03 16:47:59,365 - INFO - 4 events inserted (4 duplicates skipped).
2025-01-03 16:47:59,365 - INFO - Events Table size increased from 12908 entries to 12908 entries
2025-01-03 16:47:59,501 - INFO - 4 attraction instances inserted (0 duplicates skipped).
2025-01-03 16:47:59,501 - INFO - Attraction Instances Table size increased from 105541 entries to 105545 entries
2025-01-03 16:47:59,639 - INFO - 4 prices inserted (0 duplicates skipped).
2025-01-03 16:47:59,639 - INFO - Prices Table size increased from 105541 entries to 105545 entries
2025-01-03 16:47:59,640 - INFO - Database connection closed.
2025-01-03 16:47:59,640 - INFO - Finished Ticketmaster API Call, Starting Selenium Price Scrape
2025-01-03 16:58:16,202 - INFO - lambda payload: {'c_code': 'US'}
2025-01-03 16:58:16,202 - INFO - Starting Ticketmaster API Call
2025-01-03 16:58:16,202 - INFO - Scraping NFL data...
2025-01-03 16:58:16,769 - INFO - Data saved to csvs\nfl_power_rankings.csv
2025-01-03 16:58:16,769 - INFO - Scraping NBA data...
2025-01-03 16:58:17,200 - INFO - Data saved to csvs\nba_power_rankings.csv
2025-01-03 16:58:17,200 - INFO - Scraping NHL data...
2025-01-03 16:58:17,637 - INFO - Data saved to csvs\nhl_power_rankings.csv
2025-01-03 16:58:17,637 - INFO - Scraping Artist100 data...
2025-01-03 16:58:18,053 - INFO - Data saved to csvs\artist_100_rankings.csv
2025-01-03 16:58:19,218 - INFO - 4 unique event ids generated
2025-01-03 16:58:19,873 - INFO - Database connection establishing....
2025-01-03 16:58:20,364 - INFO - Database connection established.
2025-01-03 16:58:20,481 - INFO - 4 venues inserted (4 duplicates skipped).
2025-01-03 16:58:20,482 - INFO - Venues Table size increased from 1234 entries to 1234 entries
2025-01-03 16:58:20,592 - INFO - 8 attractions inserted (8 duplicates skipped).
2025-01-03 16:58:20,593 - INFO - Attractions Table size increased from 2983 entries to 2983 entries
2025-01-03 16:58:20,708 - INFO - 4 events inserted (4 duplicates skipped).
2025-01-03 16:58:20,708 - INFO - Events Table size increased from 12908 entries to 12908 entries
2025-01-03 16:58:20,838 - INFO - 4 attraction instances inserted (0 duplicates skipped).
2025-01-03 16:58:20,838 - INFO - Attraction Instances Table size increased from 105545 entries to 105549 entries
2025-01-03 16:58:20,969 - INFO - 4 prices inserted (0 duplicates skipped).
2025-01-03 16:58:20,969 - INFO - Prices Table size increased from 105545 entries to 105549 entries
2025-01-03 16:58:20,970 - INFO - Database connection closed.
2025-01-03 16:58:20,970 - INFO - Finished Ticketmaster API Call, Starting Selenium Price Scrape
2025-01-03 16:58:48,203 - INFO - lambda payload: {'c_code': 'US'}
2025-01-03 16:58:48,203 - INFO - Starting Ticketmaster API Call
2025-01-03 16:58:48,203 - INFO - Scraping NFL data...
2025-01-03 16:58:48,628 - INFO - Data saved to csvs\nfl_power_rankings.csv
2025-01-03 16:58:48,628 - INFO - Scraping NBA data...
2025-01-03 16:58:48,858 - INFO - Data saved to csvs\nba_power_rankings.csv
2025-01-03 16:58:48,858 - INFO - Scraping NHL data...
2025-01-03 16:58:49,426 - INFO - Data saved to csvs\nhl_power_rankings.csv
2025-01-03 16:58:49,426 - INFO - Scraping Artist100 data...
2025-01-03 16:58:49,787 - INFO - Data saved to csvs\artist_100_rankings.csv
2025-01-03 16:58:50,873 - INFO - 4 unique event ids generated
2025-01-03 16:58:51,515 - INFO - Database connection establishing....
2025-01-03 16:58:51,892 - INFO - Database connection established.
2025-01-03 16:58:52,009 - INFO - 4 venues inserted (4 duplicates skipped).
2025-01-03 16:58:52,009 - INFO - Venues Table size increased from 1234 entries to 1234 entries
2025-01-03 16:58:52,124 - INFO - 8 attractions inserted (8 duplicates skipped).
2025-01-03 16:58:52,124 - INFO - Attractions Table size increased from 2983 entries to 2983 entries
2025-01-03 16:58:52,244 - INFO - 4 events inserted (4 duplicates skipped).
2025-01-03 16:58:52,245 - INFO - Events Table size increased from 12908 entries to 12908 entries
2025-01-03 16:58:52,376 - INFO - 4 attraction instances inserted (0 duplicates skipped).
2025-01-03 16:58:52,377 - INFO - Attraction Instances Table size increased from 105549 entries to 105553 entries
2025-01-03 16:58:52,506 - INFO - 4 prices inserted (0 duplicates skipped).
2025-01-03 16:58:52,507 - INFO - Prices Table size increased from 105549 entries to 105553 entries
2025-01-03 16:58:52,507 - INFO - Database connection closed.
2025-01-03 16:58:52,508 - INFO - Finished Ticketmaster API Call, Starting Selenium Price Scrape
2025-01-03 17:00:54,728 - INFO - lambda payload: {'c_code': 'US'}
2025-01-03 17:00:54,728 - INFO - Starting Ticketmaster API Call
2025-01-03 17:00:54,728 - INFO - Scraping NFL data...
2025-01-03 17:00:55,049 - INFO - Data saved to csvs\nfl_power_rankings.csv
2025-01-03 17:00:55,049 - INFO - Scraping NBA data...
2025-01-03 17:00:55,197 - INFO - Data saved to csvs\nba_power_rankings.csv
2025-01-03 17:00:55,197 - INFO - Scraping NHL data...
2025-01-03 17:00:55,384 - INFO - Data saved to csvs\nhl_power_rankings.csv
2025-01-03 17:00:55,384 - INFO - Scraping Artist100 data...
2025-01-03 17:00:55,744 - INFO - Data saved to csvs\artist_100_rankings.csv
2025-01-03 17:00:56,837 - INFO - 4 unique event ids generated
2025-01-03 17:00:57,411 - INFO - Database connection establishing....
2025-01-03 17:00:57,887 - INFO - Database connection established.
2025-01-03 17:00:58,003 - INFO - 4 venues inserted (4 duplicates skipped).
2025-01-03 17:00:58,004 - INFO - Venues Table size increased from 1234 entries to 1234 entries
2025-01-03 17:00:58,116 - INFO - 8 attractions inserted (8 duplicates skipped).
2025-01-03 17:00:58,117 - INFO - Attractions Table size increased from 2983 entries to 2983 entries
2025-01-03 17:00:58,232 - INFO - 4 events inserted (4 duplicates skipped).
2025-01-03 17:00:58,232 - INFO - Events Table size increased from 12908 entries to 12908 entries
2025-01-03 17:00:58,363 - INFO - 4 attraction instances inserted (0 duplicates skipped).
2025-01-03 17:00:58,363 - INFO - Attraction Instances Table size increased from 105553 entries to 105557 entries
2025-01-03 17:00:58,496 - INFO - 4 prices inserted (0 duplicates skipped).
2025-01-03 17:00:58,496 - INFO - Prices Table size increased from 105553 entries to 105557 entries
2025-01-03 17:00:58,497 - INFO - Database connection closed.
2025-01-03 17:00:58,497 - INFO - Finished Ticketmaster API Call, Starting Selenium Price Scrape
2025-01-03 17:01:11,830 - INFO - lambda payload: {'c_code': 'US'}
2025-01-03 17:01:11,830 - INFO - Starting Ticketmaster API Call
2025-01-03 17:01:11,830 - INFO - Scraping NFL data...
2025-01-03 17:01:11,979 - INFO - Data saved to csvs\nfl_power_rankings.csv
2025-01-03 17:01:11,979 - INFO - Scraping NBA data...
2025-01-03 17:01:12,366 - INFO - Data saved to csvs\nba_power_rankings.csv
2025-01-03 17:01:12,367 - INFO - Scraping NHL data...
2025-01-03 17:01:12,531 - INFO - Data saved to csvs\nhl_power_rankings.csv
2025-01-03 17:01:12,531 - INFO - Scraping Artist100 data...
2025-01-03 17:01:12,892 - INFO - Data saved to csvs\artist_100_rankings.csv
2025-01-03 17:01:14,751 - INFO - 4 unique event ids generated
2025-01-03 17:01:15,363 - INFO - Database connection establishing....
2025-01-03 17:01:15,788 - INFO - Database connection established.
2025-01-03 17:01:15,905 - INFO - 4 venues inserted (4 duplicates skipped).
2025-01-03 17:01:15,905 - INFO - Venues Table size increased from 1234 entries to 1234 entries
2025-01-03 17:01:16,021 - INFO - 8 attractions inserted (8 duplicates skipped).
2025-01-03 17:01:16,021 - INFO - Attractions Table size increased from 2983 entries to 2983 entries
2025-01-03 17:01:16,141 - INFO - 4 events inserted (4 duplicates skipped).
2025-01-03 17:01:16,142 - INFO - Events Table size increased from 12908 entries to 12908 entries
2025-01-03 17:01:16,274 - INFO - 4 attraction instances inserted (0 duplicates skipped).
2025-01-03 17:01:16,275 - INFO - Attraction Instances Table size increased from 105557 entries to 105561 entries
2025-01-03 17:01:16,418 - INFO - 4 prices inserted (0 duplicates skipped).
2025-01-03 17:01:16,418 - INFO - Prices Table size increased from 105557 entries to 105561 entries
2025-01-03 17:01:16,419 - INFO - Database connection closed.
2025-01-03 17:01:16,419 - INFO - Finished Ticketmaster API Call, Starting Selenium Price Scrape
2025-01-03 17:03:46,490 - INFO - lambda payload: {'c_code': 'US'}
2025-01-03 17:03:46,490 - INFO - Starting Ticketmaster API Call
2025-01-03 17:03:46,490 - INFO - Scraping NFL data...
2025-01-03 17:03:46,938 - INFO - Data saved to csvs\nfl_power_rankings.csv
2025-01-03 17:03:46,938 - INFO - Scraping NBA data...
2025-01-03 17:03:47,479 - INFO - Data saved to csvs\nba_power_rankings.csv
2025-01-03 17:03:47,479 - INFO - Scraping NHL data...
2025-01-03 17:03:47,632 - INFO - Data saved to csvs\nhl_power_rankings.csv
2025-01-03 17:03:47,632 - INFO - Scraping Artist100 data...
2025-01-03 17:03:48,016 - INFO - Data saved to csvs\artist_100_rankings.csv
2025-01-03 17:03:49,151 - INFO - 4 unique event ids generated
2025-01-03 17:03:49,730 - INFO - Database connection establishing....
2025-01-03 17:03:50,228 - INFO - Database connection established.
2025-01-03 17:03:50,346 - INFO - 4 venues inserted (4 duplicates skipped).
2025-01-03 17:03:50,346 - INFO - Venues Table size increased from 1234 entries to 1234 entries
2025-01-03 17:03:50,460 - INFO - 8 attractions inserted (8 duplicates skipped).
2025-01-03 17:03:50,461 - INFO - Attractions Table size increased from 2983 entries to 2983 entries
2025-01-03 17:03:50,576 - INFO - 4 events inserted (4 duplicates skipped).
2025-01-03 17:03:50,576 - INFO - Events Table size increased from 12908 entries to 12908 entries
2025-01-03 17:03:50,707 - INFO - 4 attraction instances inserted (0 duplicates skipped).
2025-01-03 17:03:50,708 - INFO - Attraction Instances Table size increased from 105561 entries to 105565 entries
2025-01-03 17:03:50,841 - INFO - 4 prices inserted (0 duplicates skipped).
2025-01-03 17:03:50,842 - INFO - Prices Table size increased from 105561 entries to 105565 entries
2025-01-03 17:03:50,842 - INFO - Database connection closed.
2025-01-03 17:03:50,842 - INFO - Finished Ticketmaster API Call, Starting Selenium Price Scrape
2025-01-03 17:06:34,891 - INFO - lambda payload: {'c_code': 'US'}
2025-01-03 17:06:34,891 - INFO - Starting Ticketmaster API Call
2025-01-03 17:06:34,891 - INFO - Scraping NFL data...
2025-01-03 17:06:35,653 - INFO - Data saved to csvs\nfl_power_rankings.csv
2025-01-03 17:06:35,653 - INFO - Scraping NBA data...
2025-01-03 17:06:36,054 - INFO - Data saved to csvs\nba_power_rankings.csv
2025-01-03 17:06:36,054 - INFO - Scraping NHL data...
2025-01-03 17:06:36,472 - INFO - Data saved to csvs\nhl_power_rankings.csv
2025-01-03 17:06:36,472 - INFO - Scraping Artist100 data...
2025-01-03 17:06:36,938 - INFO - Data saved to csvs\artist_100_rankings.csv
2025-01-03 17:06:38,098 - INFO - 4 unique event ids generated
2025-01-03 17:06:38,664 - INFO - Database connection establishing....
2025-01-03 17:06:39,075 - INFO - Database connection established.
2025-01-03 17:06:39,189 - INFO - 4 venues inserted (4 duplicates skipped).
2025-01-03 17:06:39,189 - INFO - Venues Table size increased from 1234 entries to 1234 entries
2025-01-03 17:06:39,300 - INFO - 8 attractions inserted (8 duplicates skipped).
2025-01-03 17:06:39,300 - INFO - Attractions Table size increased from 2983 entries to 2983 entries
2025-01-03 17:06:39,416 - INFO - 4 events inserted (4 duplicates skipped).
2025-01-03 17:06:39,416 - INFO - Events Table size increased from 12908 entries to 12908 entries
2025-01-03 17:06:39,547 - INFO - 4 attraction instances inserted (0 duplicates skipped).
2025-01-03 17:06:39,547 - INFO - Attraction Instances Table size increased from 105565 entries to 105569 entries
2025-01-03 17:06:39,676 - INFO - 4 prices inserted (0 duplicates skipped).
2025-01-03 17:06:39,677 - INFO - Prices Table size increased from 105565 entries to 105569 entries
2025-01-03 17:06:39,677 - INFO - Database connection closed.
2025-01-03 17:06:39,678 - INFO - Finished Ticketmaster API Call, Starting Selenium Price Scrape
2025-01-03 17:06:41,338 - INFO - Database connection establishing....
2025-01-03 17:06:41,632 - INFO - Database connection established.
2025-01-03 17:06:41,813 - INFO - Database connection closed.
2025-01-03 17:23:52,522 - INFO - 100 complete, error rate: 0.43, only lowest rate: 0.29  this batches error: 0.43, this batches only_low: 0.29
2025-01-03 17:23:52,532 - INFO -                                            timestamp  ... Resl_Max
0  20241214031804-76222609-9aaa-477b-a2c6-cb03270...  ...        0
1  20241214031804-9bb93f7f-f44c-479c-9816-302d4e0...  ...   296.28
2  20241214031918-5010dd16-f475-4922-b542-48ed256...  ...        0
3  20241214032003-0381fd38-ccb1-439c-b4c5-7259c58...  ...        0
4  20241214032043-a248b71c-d580-4a2c-b96c-85d1fc7...  ...        0

[5 rows x 7 columns]
2025-01-03 17:23:52,578 - INFO - Error %: 0.43
2025-01-03 17:23:52,578 - INFO - No_High %: 0.29
2025-01-03 17:23:52,578 - INFO - Elapsed Minutes: 17.17850335041682
2025-01-03 17:23:53,494 - INFO - Database connection establishing....
2025-01-03 17:23:54,044 - INFO - Database connection established.
2025-01-03 17:23:57,925 - INFO - Updated 100 elements of price data successfully
2025-01-03 17:23:59,237 - INFO - Inserted records
2025-01-03 17:23:59,244 - INFO - Database connection closed.
2025-01-03 17:23:59,244 - INFO - Finished Selenium Price Scrape
2025-01-04 12:14:01,862 - INFO - lambda payload: {'c_code': 'CA'}
2025-01-04 12:14:01,862 - INFO - Starting Ticketmaster API Call
2025-01-04 12:14:01,862 - INFO - Scraping NFL data...
2025-01-04 12:14:02,424 - INFO - Data saved to csvs\nfl_power_rankings.csv
2025-01-04 12:14:02,424 - INFO - Scraping NBA data...
2025-01-04 12:14:02,917 - INFO - Data saved to csvs\nba_power_rankings.csv
2025-01-04 12:14:02,917 - INFO - Scraping NHL data...
2025-01-04 12:14:03,348 - INFO - Data saved to csvs\nhl_power_rankings.csv
2025-01-04 12:14:03,348 - INFO - Scraping Artist100 data...
2025-01-04 12:14:03,748 - INFO - Data saved to csvs\artist_100_rankings.csv
2025-01-04 12:14:04,622 - INFO - 4 unique event ids generated
2025-01-04 12:14:05,358 - INFO - Database connection establishing....
2025-01-04 12:14:05,901 - INFO - Database connection established.
2025-01-04 12:14:06,058 - INFO - 4 venues inserted (4 duplicates skipped).
2025-01-04 12:14:06,058 - INFO - Venues Table size increased from 1234 entries to 1234 entries
2025-01-04 12:14:06,194 - INFO - 8 attractions inserted (8 duplicates skipped).
2025-01-04 12:14:06,194 - INFO - Attractions Table size increased from 2983 entries to 2983 entries
2025-01-04 12:14:06,370 - INFO - 4 events inserted (3 duplicates skipped).
2025-01-04 12:14:06,371 - INFO - Events Table size increased from 12908 entries to 12909 entries
2025-01-04 12:14:06,508 - INFO - 4 attraction instances inserted (0 duplicates skipped).
2025-01-04 12:14:06,508 - INFO - Attraction Instances Table size increased from 105569 entries to 105573 entries
2025-01-04 12:14:06,646 - INFO - 4 prices inserted (0 duplicates skipped).
2025-01-04 12:14:06,646 - INFO - Prices Table size increased from 105569 entries to 105573 entries
2025-01-04 12:14:06,647 - INFO - Database connection closed.
2025-01-04 12:14:06,647 - INFO - Finished Ticketmaster API Call, Starting Selenium Price Scrape
2025-01-04 12:14:07,799 - INFO - Database connection establishing....
2025-01-04 12:14:08,122 - INFO - Database connection established.
2025-01-04 12:14:08,223 - INFO - Database connection closed.
2025-01-04 12:15:20,622 - INFO -                                            timestamp  ... Resl_Max
0  20241214031805-108f581f-86a1-4512-9795-af5caf5...  ...        0
1  20241214031808-26eaf3e0-0952-48a2-b4e9-9b922bd...  ...        0
2  20241214031812-1e2305cb-08bd-4cdc-a13d-fe0d474...  ...  795.366
3  20241214031813-85852df3-a1db-4b83-964f-2458ab4...  ...        0
4  20241214031813-2ad3c8a6-1d98-4a28-b4fa-fc752f9...  ...        0

[5 rows x 7 columns]
2025-01-04 12:15:20,639 - INFO - Error %: 0.4
2025-01-04 12:15:20,639 - INFO - No_High %: 0.1
2025-01-04 12:15:20,639 - INFO - Elapsed Minutes: 1.2065885464350383
2025-01-04 12:15:20,842 - INFO - Database connection establishing....
2025-01-04 12:15:21,204 - INFO - Database connection established.
2025-01-04 12:15:21,612 - INFO - Updated 10 elements of price data successfully
2025-01-04 12:15:22,844 - INFO - Inserted records
2025-01-04 12:15:22,846 - INFO - Database connection closed.
2025-01-04 12:15:22,846 - INFO - Finished Selenium Price Scrape
2025-01-04 12:35:41,398 - INFO - lambda payload: {'c_code': 'CA'}
2025-01-04 12:35:41,398 - INFO - Starting Ticketmaster API Call
2025-01-04 12:35:41,398 - INFO - Scraping NFL data...
2025-01-04 12:35:42,292 - INFO - Data saved to csvs\nfl_power_rankings.csv
2025-01-04 12:35:42,292 - INFO - Scraping NBA data...
2025-01-04 12:35:42,600 - INFO - Data saved to csvs\nba_power_rankings.csv
2025-01-04 12:35:42,600 - INFO - Scraping NHL data...
2025-01-04 12:35:42,946 - INFO - Data saved to csvs\nhl_power_rankings.csv
2025-01-04 12:35:42,946 - INFO - Scraping Artist100 data...
2025-01-04 12:35:43,364 - INFO - Data saved to csvs\artist_100_rankings.csv
2025-01-04 12:35:44,293 - INFO - 4 unique event ids generated
2025-01-04 12:35:44,937 - INFO - Database connection establishing....
2025-01-04 12:35:45,475 - INFO - Database connection established.
2025-01-04 12:35:45,601 - INFO - 4 venues inserted (4 duplicates skipped).
2025-01-04 12:35:45,601 - INFO - Venues Table size increased from 1234 entries to 1234 entries
2025-01-04 12:35:45,716 - INFO - 8 attractions inserted (8 duplicates skipped).
2025-01-04 12:35:45,717 - INFO - Attractions Table size increased from 2983 entries to 2983 entries
2025-01-04 12:35:45,840 - INFO - 4 events inserted (4 duplicates skipped).
2025-01-04 12:35:45,840 - INFO - Events Table size increased from 12909 entries to 12909 entries
2025-01-04 12:35:45,973 - INFO - 4 attraction instances inserted (0 duplicates skipped).
2025-01-04 12:35:45,973 - INFO - Attraction Instances Table size increased from 105573 entries to 105577 entries
2025-01-04 12:35:46,112 - INFO - 4 prices inserted (0 duplicates skipped).
2025-01-04 12:35:46,112 - INFO - Prices Table size increased from 105573 entries to 105577 entries
2025-01-04 12:35:46,113 - INFO - Database connection closed.
2025-01-04 12:35:46,113 - INFO - Finished Ticketmaster API Call, Starting Selenium Price Scrape
2025-01-04 12:35:47,543 - INFO - Database connection establishing....
2025-01-04 12:35:47,829 - INFO - Database connection established.
2025-01-04 12:35:47,912 - INFO - Database connection closed.
2025-01-04 12:38:37,364 - INFO -                                            timestamp  ...    Resl_Max
0  20241214031805-108f581f-86a1-4512-9795-af5caf5...  ...           0
1  20241214031813-d21991bd-2cbb-4bf9-8767-fd3f080...  ...           0
2  20241214031814-71c8aa86-0582-4f41-9cc3-63dfb0b...  ...  842.964286
3  20241214031814-7049a7c3-0122-4556-b203-70a0898...  ...           0
4  20241214031814-8c666b4c-f417-4e6d-a94d-94aedb7...  ...  397.608421

[5 rows x 7 columns]
2025-01-04 12:38:37,452 - INFO - Error %: 0.5
2025-01-04 12:38:37,452 - INFO - No_High %: 0.1
2025-01-04 12:38:37,452 - INFO - Elapsed Minutes: 2.8240423162778217
2025-01-04 12:38:37,525 - INFO - Database connection establishing....
2025-01-04 12:38:37,890 - INFO - Database connection established.
2025-01-04 12:38:38,277 - INFO - Updated 10 elements of price data successfully
2025-01-04 12:38:39,191 - INFO - Inserted records
2025-01-04 12:38:39,197 - INFO - Database connection closed.
2025-01-04 12:38:39,197 - INFO - Finished Selenium Price Scrape
2025-01-04 12:39:11,589 - INFO - lambda payload: {'c_code': 'CA'}
2025-01-04 12:39:11,589 - INFO - Starting Ticketmaster API Call
2025-01-04 12:39:11,589 - INFO - Scraping NFL data...
2025-01-04 12:39:12,129 - INFO - Data saved to csvs\nfl_power_rankings.csv
2025-01-04 12:39:12,129 - INFO - Scraping NBA data...
2025-01-04 12:39:12,266 - INFO - Data saved to csvs\nba_power_rankings.csv
2025-01-04 12:39:12,266 - INFO - Scraping NHL data...
2025-01-04 12:39:12,413 - INFO - Data saved to csvs\nhl_power_rankings.csv
2025-01-04 12:39:12,413 - INFO - Scraping Artist100 data...
2025-01-04 12:39:12,785 - INFO - Data saved to csvs\artist_100_rankings.csv
2025-01-04 12:39:13,617 - INFO - 4 unique event ids generated
2025-01-04 12:39:14,254 - INFO - Database connection establishing....
2025-01-04 12:39:14,663 - INFO - Database connection established.
2025-01-04 12:39:14,778 - INFO - 4 venues inserted (4 duplicates skipped).
2025-01-04 12:39:14,779 - INFO - Venues Table size increased from 1234 entries to 1234 entries
2025-01-04 12:39:14,895 - INFO - 8 attractions inserted (8 duplicates skipped).
2025-01-04 12:39:14,896 - INFO - Attractions Table size increased from 2983 entries to 2983 entries
2025-01-04 12:39:15,014 - INFO - 4 events inserted (4 duplicates skipped).
2025-01-04 12:39:15,014 - INFO - Events Table size increased from 12909 entries to 12909 entries
2025-01-04 12:39:15,145 - INFO - 4 attraction instances inserted (0 duplicates skipped).
2025-01-04 12:39:15,145 - INFO - Attraction Instances Table size increased from 105577 entries to 105581 entries
2025-01-04 12:39:15,279 - INFO - 4 prices inserted (0 duplicates skipped).
2025-01-04 12:39:15,280 - INFO - Prices Table size increased from 105577 entries to 105581 entries
2025-01-04 12:39:15,280 - INFO - Database connection closed.
2025-01-04 12:39:15,280 - INFO - Finished Ticketmaster API Call, Starting Selenium Price Scrape
2025-01-04 12:39:16,373 - INFO - Database connection establishing....
2025-01-04 12:39:16,677 - INFO - Database connection established.
2025-01-04 12:39:16,754 - INFO - Database connection closed.
2025-01-04 12:40:40,055 - INFO -                                            timestamp  ... Resl_Max
0  20241214031805-108f581f-86a1-4512-9795-af5caf5...  ...        0
1  20241214031815-5942136e-1661-49da-80c0-c155f6b...  ...        0
2  20241214031815-c6e3986d-256e-4ec7-b82d-5029e51...  ...        0
3  20241214031815-e9a4492b-784f-4a80-83e8-b6c8b09...  ...  480.875
4  20241214031815-b3a5cca7-1d6c-4550-8a0f-6ba0f39...  ...        0

[5 rows x 7 columns]
2025-01-04 12:40:40,079 - INFO - Error %: 0.4
2025-01-04 12:40:40,079 - INFO - No_High %: 0.2
2025-01-04 12:40:40,080 - INFO - Elapsed Minutes: 1.3882848699887593
2025-01-04 12:40:40,292 - INFO - Database connection establishing....
2025-01-04 12:40:40,671 - INFO - Database connection established.
2025-01-04 12:40:41,080 - INFO - Updated 10 elements of price data successfully
2025-01-04 12:40:42,174 - INFO - Inserted records
2025-01-04 12:40:42,177 - INFO - Database connection closed.
2025-01-04 12:40:42,177 - INFO - Finished Selenium Price Scrape
